2025-02-15 12:03:35 [INFO]: Iniciando la aplicación...
2025-02-15 12:03:44 [INFO]: Usuario 5492994701881 inició conversación con mensaje: Hola
2025-02-15 15:08:38 [INFO]: Iniciando la aplicación...
2025-02-15 15:22:50 [INFO]: Iniciando la aplicación...
2025-02-15 15:23:05 [INFO]: Usuario 5492994701881 inició conversación con mensaje: Hola
2025-02-15 15:23:38 [INFO]: Usuario 5492994701881 seleccionó la opción 1
2025-02-15 15:23:57 [INFO]: Usuario 5492994701881 seleccionó la opción 4
2025-02-15 15:24:10 [INFO]: Usuario 5492994701881 su nombre es: Ulises Jaramillo
2025-02-15 15:24:19 [INFO]: Usuario 5492994701881 su DNI: 32368857
2025-02-15 15:24:25 [INFO]: Usuario 5492994701881 su OS: Osecac
2025-02-15 15:24:35 [INFO]: Usuario 5492994701881 su Pref. horaria: Por la mañana
2025-02-15 15:25:52 [INFO]: Iniciando la aplicación...
2025-02-15 15:25:59 [INFO]: Usuario 5492994701881 inició conversación con mensaje: Hola
2025-02-15 15:39:02 [INFO]: Iniciando la aplicación...
2025-02-15 15:39:08 [INFO]: Usuario 5492994701881 inició conversación con mensaje: hola
2025-02-15 15:39:15 [INFO]: Usuario 5492994701881 seleccionó la opción: 2
2025-02-15 15:39:15 [INFO]: Usuario 5492994701881 seleccionó la opción 2
2025-02-15 15:43:32 [INFO]: Usuario 5492994701881 inició conversación con mensaje: Hola
2025-02-15 15:43:47 [INFO]: Usuario 5492994701881 seleccionó la opción: 2
2025-02-15 15:43:47 [INFO]: Usuario 5492994701881 seleccionó la opción 2
2025-02-15 15:44:15 [INFO]: Usuario 5492994701881 inició conversación con mensaje: Hola
2025-02-15 15:44:18 [INFO]: Usuario 5492994701881 seleccionó la opción: 2
2025-02-15 15:44:18 [INFO]: Usuario 5492994701881 seleccionó la opción 2
2025-02-15 15:45:18 [INFO]: Iniciando la aplicación...
2025-02-15 15:45:26 [INFO]: Usuario 5492994701881 inició conversación con mensaje: Hola
2025-02-15 15:45:29 [INFO]: Usuario 5492994701881 seleccionó la opción: 2
2025-02-15 15:45:29 [INFO]: Usuario 5492994701881 seleccionó la opción 2
2025-02-15 15:46:27 [INFO]: Iniciando la aplicación...
2025-02-15 15:46:34 [INFO]: Usuario 5492994701881 inició conversación con mensaje: Hola
2025-02-15 15:46:38 [INFO]: Usuario 5492994701881 seleccionó la opción: 2
2025-02-15 15:46:38 [INFO]: Usuario 5492994701881 seleccionó la opción 2
2025-02-15 15:47:00 [INFO]: Usuario 5492994701881 inició conversación con mensaje: Hola
2025-02-15 15:47:03 [INFO]: Usuario 5492994701881 seleccionó la opción: 1
2025-02-15 15:47:03 [INFO]: Usuario 5492994701881 seleccionó la opción 1
2025-02-15 15:47:10 [INFO]: Usuario 5492994701881 seleccionó la opción 1
2025-02-15 15:47:20 [INFO]: Usuario 5492994701881 seleccionó la opción 4
2025-02-15 15:47:27 [INFO]: Usuario 5492994701881 su nombre es: Ulises Jaramillo
2025-02-15 15:47:33 [INFO]: Usuario 5492994701881 su DNI: 32368857
2025-02-15 15:47:40 [INFO]: Usuario 5492994701881 su OS: Osecac
2025-02-15 15:47:48 [INFO]: Usuario 5492994701881 su Pref. horaria: Por la tarde
2025-02-15 15:50:51 [INFO]: Iniciando la aplicación...
2025-02-15 15:50:57 [INFO]: Usuario 5492994701881 inició conversación con mensaje: Hola
2025-02-15 15:51:02 [INFO]: Usuario 5492994701881 seleccionó la opción: 1
2025-02-15 15:51:02 [INFO]: Usuario 5492994701881 seleccionó la opción 1
2025-02-15 15:51:11 [INFO]: Usuario 5492994701881 seleccionó la opción 1
2025-02-15 15:51:16 [INFO]: Usuario 5492994701881 seleccionó la opción 1
2025-02-15 15:51:22 [INFO]: Usuario 5492994701881 su nombre es: Ulises Jaramillo
2025-02-15 15:51:31 [INFO]: Usuario 5492994701881 su DNI: 32368857
2025-02-15 15:51:37 [INFO]: Usuario 5492994701881 su OS: Osecac
2025-02-15 15:51:44 [INFO]: Usuario 5492994701881 su Pref. horaria: Ninguna
2025-02-15 15:55:52 [INFO]: Iniciando la aplicación...
2025-02-15 15:56:04 [INFO]: Usuario 5492994701881 inició conversación con mensaje: Hola
2025-02-15 15:56:09 [INFO]: Usuario 5492994701881 seleccionó la opción: 1
2025-02-15 15:56:09 [INFO]: Usuario 5492994701881 seleccionó la opción 1
2025-02-15 15:56:19 [INFO]: Usuario 5492994701881 seleccionó la opción 2
2025-02-15 15:56:28 [INFO]: Usuario 5492994701881 seleccionó la opción 2
2025-02-15 15:56:34 [INFO]: Usuario 5492994701881 su nombre es: Ulises Jaramillo
2025-02-15 15:56:42 [INFO]: Usuario 5492994701881 su DNI: 32368857
2025-02-15 15:56:53 [INFO]: Usuario 5492994701881 su OS: Osecac
2025-02-15 15:57:02 [INFO]: Usuario 5492994701881 su Pref. horaria: Por la tarde
2025-02-15 15:59:03 [INFO]: Iniciando la aplicación...
2025-02-15 15:59:18 [INFO]: Usuario 5492994701881 inició conversación con mensaje: Hola
2025-02-15 15:59:27 [INFO]: Usuario 5492994701881 seleccionó la opción: 1
2025-02-15 15:59:27 [INFO]: Usuario 5492994701881 seleccionó la opción 1
2025-02-15 15:59:33 [INFO]: Usuario 5492994701881 seleccionó la opción 1
2025-02-15 15:59:40 [INFO]: Usuario 5492994701881 seleccionó la opción 4
2025-02-15 15:59:47 [INFO]: Usuario 5492994701881 su nombre es: Ulises Jaramillo
2025-02-15 15:59:54 [INFO]: Usuario 5492994701881 su DNI: 32368857
2025-02-15 16:00:12 [INFO]: Usuario 5492994701881 su OS: OSECAC
2025-02-15 16:00:19 [INFO]: Usuario 5492994701881 su Pref. horaria: Ninguna
2025-02-15 16:01:45 [INFO]: Iniciando la aplicación...
2025-02-15 16:01:50 [INFO]: Usuario 5492994701881 inició conversación con mensaje: Hola
2025-02-15 16:01:57 [INFO]: Usuario 5492994701881 seleccionó la opción: 1
2025-02-15 16:01:57 [INFO]: Usuario 5492994701881 seleccionó la opción 1
2025-02-15 16:02:03 [INFO]: Usuario 5492994701881 seleccionó la opción 1
2025-02-15 16:02:08 [INFO]: Usuario 5492994701881 seleccionó la opción 4
2025-02-15 16:02:15 [INFO]: Usuario 5492994701881 su nombre es: Ulises Jaramillo
2025-02-15 16:02:22 [INFO]: Usuario 5492994701881 su DNI: 32368857
2025-02-15 16:02:28 [INFO]: Usuario 5492994701881 su OS: OSECAC
2025-02-15 16:02:33 [INFO]: Usuario 5492994701881 su Pref. horaria: Ninguna
2025-02-15 16:02:56 [INFO]: Usuario 5492994701881 inició conversación con mensaje: Turno
2025-02-15 16:03:02 [INFO]: Usuario 5492994701881 seleccionó la opción: 2
2025-02-15 16:03:02 [INFO]: Usuario 5492994701881 seleccionó la opción 2
2025-02-15 16:04:23 [INFO]: Iniciando la aplicación...
2025-02-15 16:04:48 [INFO]: Usuario 5492994701881 inició conversación con mensaje: Hola
2025-02-15 16:04:53 [INFO]: Usuario 5492994701881 seleccionó la opción: 2
2025-02-15 16:04:53 [INFO]: Usuario 5492994701881 seleccionó la opción 2
2025-02-15 16:10:06 [INFO]: Iniciando la aplicación...
2025-02-15 16:10:12 [INFO]: Usuario 5492994701881 inició conversación con mensaje: Hola
2025-02-15 16:10:17 [INFO]: Usuario 5492994701881 seleccionó la opción: 2
2025-02-15 16:10:17 [INFO]: Usuario 5492994701881 seleccionó la opción 2
2025-02-15 16:14:17 [INFO]: Iniciando la aplicación...
2025-02-15 16:14:24 [INFO]: Usuario 5492994701881 inició conversación con mensaje: Hola
2025-02-15 16:14:29 [INFO]: Usuario 5492994701881 seleccionó la opción: 2
2025-02-15 16:14:29 [INFO]: Usuario 5492994701881 seleccionó la opción 2
2025-02-15 16:14:36 [INFO]: Usuario 5492994701881 su Consulta es: Ninguna
2025-02-15 16:16:19 [INFO]: Usuario 5492994701881 inició conversación con mensaje: Hola
2025-02-15 16:16:25 [INFO]: Usuario 5492994701881 seleccionó la opción: 1
2025-02-15 16:16:25 [INFO]: Usuario 5492994701881 seleccionó la opción 1
2025-02-15 16:16:33 [INFO]: Usuario 5492994701881 seleccionó la opción 15
2025-02-15 16:16:47 [INFO]: Usuario 5492994701881 seleccionó la opción 16
2025-02-15 16:17:12 [INFO]: Usuario 5492994701881 su nombre es: Ulises Jaramillo
2025-02-15 16:17:19 [INFO]: Usuario 5492994701881 su DNI: 32368857
2025-02-15 16:17:26 [INFO]: Usuario 5492994701881 su OS: Osecac
2025-02-15 16:17:32 [INFO]: Usuario 5492994701881 su Pref. horaria: Ninguna
